<?xml version="1.0" encoding="UTF-8"?>
<!-- Generated by org.testng.reporters.JUnitReportReporter -->
<testsuite hostname="Arpits-MacBook-Air.local" failures="0" tests="3" name="com.arpit.evenOddUsingThread.TestNGDemo" time="0.010" errors="0" timestamp="2020-12-10T23:39:11 IST" skipped="0">
  <testcase classname="com.arpit.evenOddUsingThread.TestNGDemo" name="test2" time="0.001"/>
  <system-out/>
  <testcase classname="com.arpit.evenOddUsingThread.TestNGDemo" name="test1" time="0.008"/>
  <system-out/>
  <testcase classname="com.arpit.evenOddUsingThread.TestNGDemo" name="test3" time="0.001"/>
  <system-out/>
</testsuite> <!-- com.arpit.evenOddUsingThread.TestNGDemo -->
